# JRE version: OpenJDK Runtime Environment (8.0_212-b04) (build 1.8.0_212-release-1586-b04)
# Java VM: OpenJDK 64-Bit Server VM (25.212-b04 mixed mode windows-amd64 compressed oops)
Heap:
 PSYoungGen      total 77312K, used 30214K [0x00000000e0000000, 0x00000000e7d80000, 0x0000000100000000)
  eden space 66048K, 34% used [0x00000000e0000000,0x00000000e1608a70,0x00000000e4080000)
  from space 11264K, 67% used [0x00000000e4080000,0x00000000e47f8e30,0x00000000e4b80000)
  to   space 11264K, 0% used [0x00000000e7280000,0x00000000e7280000,0x00000000e7d80000)
 ParOldGen       total 60416K, used 9756K [0x00000000a0000000, 0x00000000a3b00000, 0x00000000e0000000)
  object space 60416K, 16% used [0x00000000a0000000,0x00000000a0987200,0x00000000a3b00000)
 Metaspace       used 29698K, capacity 30306K, committed 30464K, reserved 1075200K
  class space    used 4084K, capacity 4242K, committed 4352K, reserved 1048576K
GC Heap History (10 events):
Event: 6.619 GC heap before
{Heap before GC invocations=4 (full 0):
 PSYoungGen      total 38400K, used 38377K [0x00000000e0000000, 0x00000000e2a80000, 0x0000000100000000)
  eden space 33280K, 100% used [0x00000000e0000000,0x00000000e2080000,0x00000000e2080000)
  from space 5120K, 99% used [0x00000000e2080000,0x00000000e257a630,0x00000000e2580000)
  to   space 5120K, 0% used [0x00000000e2580000,0x00000000e2580000,0x00000000e2a80000)
 ParOldGen       total 87552K, used 1835K [0x00000000a0000000, 0x00000000a5580000, 0x00000000e0000000)
  object space 87552K, 2% used [0x00000000a0000000,0x00000000a01caf78,0x00000000a5580000)
 Metaspace       used 14782K, capacity 15250K, committed 15488K, reserved 1062912K
  class space    used 2067K, capacity 2165K, committed 2176K, reserved 1048576K
Event: 6.633 GC heap after
Heap after GC invocations=4 (full 0):
 PSYoungGen      total 38400K, used 5097K [0x00000000e0000000, 0x00000000e2a80000, 0x0000000100000000)
  eden space 33280K, 0% used [0x00000000e0000000,0x00000000e0000000,0x00000000e2080000)
  from space 5120K, 99% used [0x00000000e2580000,0x00000000e2a7a650,0x00000000e2a80000)
  to   space 5120K, 0% used [0x00000000e2080000,0x00000000e2080000,0x00000000e2580000)
 ParOldGen       total 87552K, used 4471K [0x00000000a0000000, 0x00000000a5580000, 0x00000000e0000000)
  object space 87552K, 5% used [0x00000000a0000000,0x00000000a045df48,0x00000000a5580000)
 Metaspace       used 14782K, capacity 15250K, committed 15488K, reserved 1062912K
  class space    used 2067K, capacity 2165K, committed 2176K, reserved 1048576K
}
Event: 7.493 GC heap before
{Heap before GC invocations=5 (full 0):
 PSYoungGen      total 38400K, used 38377K [0x00000000e0000000, 0x00000000e2a80000, 0x0000000100000000)
  eden space 33280K, 100% used [0x00000000e0000000,0x00000000e2080000,0x00000000e2080000)
  from space 5120K, 99% used [0x00000000e2580000,0x00000000e2a7a650,0x00000000e2a80000)
  to   space 5120K, 0% used [0x00000000e2080000,0x00000000e2080000,0x00000000e2580000)
 ParOldGen       total 87552K, used 4471K [0x00000000a0000000, 0x00000000a5580000, 0x00000000e0000000)
  object space 87552K, 5% used [0x00000000a0000000,0x00000000a045df48,0x00000000a5580000)
 Metaspace       used 17890K, capacity 18396K, committed 18688K, reserved 1064960K
  class space    used 2563K, capacity 2728K, committed 2816K, reserved 1048576K
Event: 7.508 GC heap after
Heap after GC invocations=5 (full 0):
 PSYoungGen      total 38400K, used 5097K [0x00000000e0000000, 0x00000000e5600000, 0x0000000100000000)
  eden space 33280K, 0% used [0x00000000e0000000,0x00000000e0000000,0x00000000e2080000)
  from space 5120K, 99% used [0x00000000e2080000,0x00000000e257a630,0x00000000e2580000)
  to   space 10752K, 0% used [0x00000000e4b80000,0x00000000e4b80000,0x00000000e5600000)
 ParOldGen       total 87552K, used 8258K [0x00000000a0000000, 0x00000000a5580000, 0x00000000e0000000)
  object space 87552K, 9% used [0x00000000a0000000,0x00000000a0810900,0x00000000a5580000)
 Metaspace       used 17890K, capacity 18396K, committed 18688K, reserved 1064960K
  class space    used 2563K, capacity 2728K, committed 2816K, reserved 1048576K
}
Event: 8.484 GC heap before
{Heap before GC invocations=6 (full 0):
 PSYoungGen      total 38400K, used 33309K [0x00000000e0000000, 0x00000000e5600000, 0x0000000100000000)
  eden space 33280K, 84% used [0x00000000e0000000,0x00000000e1b8d0a0,0x00000000e2080000)
  from space 5120K, 99% used [0x00000000e2080000,0x00000000e257a630,0x00000000e2580000)
  to   space 10752K, 0% used [0x00000000e4b80000,0x00000000e4b80000,0x00000000e5600000)
 ParOldGen       total 87552K, used 8258K [0x00000000a0000000, 0x00000000a5580000, 0x00000000e0000000)
  object space 87552K, 9% used [0x00000000a0000000,0x00000000a0810900,0x00000000a5580000)
 Metaspace       used 20706K, capacity 21230K, committed 21296K, reserved 1067008K
  class space    used 3002K, capacity 3142K, committed 3200K, reserved 1048576K
Event: 8.495 GC heap after
Heap after GC invocations=6 (full 0):
 PSYoungGen      total 76800K, used 8772K [0x00000000e0000000, 0x00000000e5700000, 0x0000000100000000)
  eden space 66048K, 0% used [0x00000000e0000000,0x00000000e0000000,0x00000000e4080000)
  from space 10752K, 81% used [0x00000000e4b80000,0x00000000e54110e0,0x00000000e5600000)
  to   space 11264K, 0% used [0x00000000e4080000,0x00000000e4080000,0x00000000e4b80000)
 ParOldGen       total 87552K, used 8266K [0x00000000a0000000, 0x00000000a5580000, 0x00000000e0000000)
  object space 87552K, 9% used [0x00000000a0000000,0x00000000a0812900,0x00000000a5580000)
 Metaspace       used 20706K, capacity 21230K, committed 21296K, reserved 1067008K
  class space    used 3002K, capacity 3142K, committed 3200K, reserved 1048576K
}
Event: 8.495 GC heap before
{Heap before GC invocations=7 (full 1):
 PSYoungGen      total 76800K, used 8772K [0x00000000e0000000, 0x00000000e5700000, 0x0000000100000000)
  eden space 66048K, 0% used [0x00000000e0000000,0x00000000e0000000,0x00000000e4080000)
  from space 10752K, 81% used [0x00000000e4b80000,0x00000000e54110e0,0x00000000e5600000)
  to   space 11264K, 0% used [0x00000000e4080000,0x00000000e4080000,0x00000000e4b80000)
 ParOldGen       total 87552K, used 8266K [0x00000000a0000000, 0x00000000a5580000, 0x00000000e0000000)
  object space 87552K, 9% used [0x00000000a0000000,0x00000000a0812900,0x00000000a5580000)
 Metaspace       used 20706K, capacity 21230K, committed 21296K, reserved 1067008K
  class space    used 3002K, capacity 3142K, committed 3200K, reserved 1048576K
Event: 8.547 GC heap after
Heap after GC invocations=7 (full 1):
 PSYoungGen      total 76800K, used 0K [0x00000000e0000000, 0x00000000e5700000, 0x0000000100000000)
  eden space 66048K, 0% used [0x00000000e0000000,0x00000000e0000000,0x00000000e4080000)
  from space 10752K, 0% used [0x00000000e4b80000,0x00000000e4b80000,0x00000000e5600000)
  to   space 11264K, 0% used [0x00000000e4080000,0x00000000e4080000,0x00000000e4b80000)
 ParOldGen       total 60416K, used 9748K [0x00000000a0000000, 0x00000000a3b00000, 0x00000000e0000000)
  object space 60416K, 16% used [0x00000000a0000000,0x00000000a0985200,0x00000000a3b00000)
 Metaspace       used 20706K, capacity 21230K, committed 21296K, reserved 1067008K
  class space    used 3002K, capacity 3142K, committed 3200K, reserved 1048576K
}
Event: 10.132 GC heap before
{Heap before GC invocations=8 (full 1):
 PSYoungGen      total 76800K, used 66048K [0x00000000e0000000, 0x00000000e5700000, 0x0000000100000000)
  eden space 66048K, 100% used [0x00000000e0000000,0x00000000e4080000,0x00000000e4080000)
  from space 10752K, 0% used [0x00000000e4b80000,0x00000000e4b80000,0x00000000e5600000)
  to   space 11264K, 0% used [0x00000000e4080000,0x00000000e4080000,0x00000000e4b80000)
 ParOldGen       total 60416K, used 9748K [0x00000000a0000000, 0x00000000a3b00000, 0x00000000e0000000)
  object space 60416K, 16% used [0x00000000a0000000,0x00000000a0985200,0x00000000a3b00000)
 Metaspace       used 28488K, capacity 29110K, committed 29184K, reserved 1075200K
  class space    used 3898K, capacity 4080K, committed 4096K, reserved 1048576K
Event: 10.142 GC heap after
Heap after GC invocations=8 (full 1):
 PSYoungGen      total 77312K, used 7651K [0x00000000e0000000, 0x00000000e7d80000, 0x0000000100000000)
  eden space 66048K, 0% used [0x00000000e0000000,0x00000000e0000000,0x00000000e4080000)
  from space 11264K, 67% used [0x00000000e4080000,0x00000000e47f8e30,0x00000000e4b80000)
  to   space 11264K, 0% used [0x00000000e7280000,0x00000000e7280000,0x00000000e7d80000)
 ParOldGen       total 60416K, used 9756K [0x00000000a0000000, 0x00000000a3b00000, 0x00000000e0000000)
  object space 60416K, 16% used [0x00000000a0000000,0x00000000a0987200,0x00000000a3b00000)
 Metaspace       used 28488K, capacity 29110K, committed 29184K, reserved 1075200K
  class space    used 3898K, capacity 4080K, committed 4096K, reserved 1048576K
}

